<?xml version="1.0" encoding="UTF-8"?>
<testsuite xmlns:xsi="http://www.w3.org/2001/XMLSchema-instance" xsi:noNamespaceSchemaLocation="https://maven.apache.org/surefire/maven-surefire-plugin/xsd/surefire-test-report-3.0.xsd" version="3.0" name="com.demoframework.runners.TestRunner" time="30.306" tests="3" errors="1" skipped="0" failures="0">
  <properties>
[...]
</properties>
  <testcase name="Valid Login" classname="Sauce Demo login" time="13.868">
    <system-out><![CDATA[
@login
Scenario: Valid Login                # src/test/resources/features/Login.feature:5
  When user enters a valid username  # com.demoframework.steps.LoginSteps.user_enters_a_valid_username()
  And user enters a valid password   # com.demoframework.steps.LoginSteps.user_enters_a_valid_password()
  And click on the login button      # com.demoframework.steps.LoginSteps.click_on_the_login_button()
  Then I validate that user loged in # com.demoframework.steps.LoginSteps.i_validate_that_user_loged_in()

    Embedding Valid Login [image/png 328261 bytes]

]]></system-out>
  </testcase>
  <testcase name="Empty password" classname="Sauce Demo login" time="2.911">
    <error message="Keys to send should be a not null CharSequence" type="java.lang.IllegalArgumentException"><![CDATA[java.lang.IllegalArgumentException: Keys to send should be a not null CharSequence
	at org.openqa.selenium.remote.RemoteWebElement.sendKeys(RemoteWebElement.java:96)
	at java.base/jdk.internal.reflect.DirectMethodHandleAccessor.invoke(DirectMethodHandleAccessor.java:103)
	at java.base/java.lang.reflect.Method.invoke(Method.java:580)
	at org.openqa.selenium.support.pagefactory.internal.LocatingElementHandler.invoke(LocatingElementHandler.java:51)
	at jdk.proxy2/jdk.proxy2.$Proxy21.sendKeys(Unknown Source)
	at com.demoframework.utils.CommonMethods.sendText(CommonMethods.java:39)
	at com.demoframework.steps.LoginSteps.user_leave_password_empty(LoginSteps.java:37)
	at ✽.user leave password empty(file:///C:/Users/d-achraf.elbahi/eclipse-workspace/AutomationFramework/src/test/resources/features/Login.feature:14)
]]></error>
    <system-out><![CDATA[
@login
Scenario: Empty password                                                            # src/test/resources/features/Login.feature:12
  When user enters a valid username                                                 # com.demoframework.steps.LoginSteps.user_enters_a_valid_username()
  And user leave password empty                                                     # com.demoframework.steps.LoginSteps.user_leave_password_empty()
      java.lang.IllegalArgumentException: Keys to send should be a not null CharSequence
	at org.openqa.selenium.remote.RemoteWebElement.sendKeys(RemoteWebElement.java:96)
	at java.base/jdk.internal.reflect.DirectMethodHandleAccessor.invoke(DirectMethodHandleAccessor.java:103)
	at java.base/java.lang.reflect.Method.invoke(Method.java:580)
	at org.openqa.selenium.support.pagefactory.internal.LocatingElementHandler.invoke(LocatingElementHandler.java:51)
	at jdk.proxy2/jdk.proxy2.$Proxy21.sendKeys(Unknown Source)
	at com.demoframework.utils.CommonMethods.sendText(CommonMethods.java:39)
	at com.demoframework.steps.LoginSteps.user_leave_password_empty(LoginSteps.java:37)
	at ✽.user leave password empty(file:///C:/Users/d-achraf.elbahi/eclipse-workspace/AutomationFramework/src/test/resources/features/Login.feature:14)

  And click on the login button                                                     # com.demoframework.steps.LoginSteps.click_on_the_login_button()
  Then I validate that "Epic sadface: Password is required..." message is displayed # com.demoframework.steps.LoginSteps.i_validate_that_message_is_displayed(java.lang.String)

    Embedding Empty password [image/png 37489 bytes]

]]></system-out>
  </testcase>
  <testcase name="Invalid Login" classname="Sauce Demo login" time="12.979">
    <system-out><![CDATA[
@login
Scenario: Invalid Login                                                                                                 # src/test/resources/features/Login.feature:18
  When user enters invalid username "random_username"                                                                   # com.demoframework.steps.LoginSteps.user_enters_invalid_username(java.lang.String)
  And user enters invalid password "random_password"                                                                    # com.demoframework.steps.LoginSteps.user_enters_invalid_password(java.lang.String)
  And click on the login button                                                                                         # com.demoframework.steps.LoginSteps.click_on_the_login_button()
  Then I validate that "Epic sadface: Username and password do not match any user in this service" message is displayed # com.demoframework.steps.LoginSteps.i_validate_that_message_is_displayed(java.lang.String)

    Embedding Invalid Login [image/png 43635 bytes]

]]></system-out>
  </testcase>
</testsuite>